<?xml version="1.0" encoding="UTF-8"?>
<testng-results ignored="0" total="2" passed="2" failed="0" skipped="0">
  <reporter-output>
  </reporter-output>
  <suite started-at="2022-10-12T20:58:44 IST" name="Default suite" finished-at="2022-10-12T20:58:45 IST" duration-ms="36">
    <groups>
    </groups>
    <test started-at="2022-10-12T20:58:44 IST" name="Default test" finished-at="2022-10-12T20:58:45 IST" duration-ms="36">
      <class name="Practice">
        <test-method signature="aizag1()[pri:0, instance:Practice@1ba9117e]" started-at="2022-10-12T20:58:45 IST" name="aizag1" finished-at="2022-10-12T20:58:45 IST" duration-ms="8" status="PASS">
          <reporter-output>
          </reporter-output>
        </test-method> <!-- aizag1 -->
        <test-method signature="vizag()[pri:0, instance:Practice@1ba9117e]" started-at="2022-10-12T20:58:45 IST" name="vizag" finished-at="2022-10-12T20:58:45 IST" duration-ms="1" status="PASS">
          <reporter-output>
          </reporter-output>
        </test-method> <!-- vizag -->
      </class> <!-- Practice -->
    </test> <!-- Default test -->
  </suite> <!-- Default suite -->
</testng-results>
